<?xml version='1.1' encoding='UTF-8'?>
<result plugin="junit@1198.ve38db_d1b_c975">
  <suites>
    <suite>
      <file>/var/jenkins_home/workspace/maven-job/target/surefire-reports/TEST-com.mycompany.app.AppTest.xml</file>
      <name>com.mycompany.app.AppTest</name>
      <duration>0.065</duration>
      <time>0.065</time>
      <enclosingBlocks/>
      <enclosingBlockNames/>
      <cases>
        <case>
          <duration>0.035</duration>
          <className>com.mycompany.app.AppTest</className>
          <testName>testAppConstructor</testName>
          <skipped>false</skipped>
          <failedSince>0</failedSince>
        </case>
        <case>
          <duration>0.001</duration>
          <className>com.mycompany.app.AppTest</className>
          <testName>testAppMessage</testName>
          <skipped>false</skipped>
          <failedSince>0</failedSince>
        </case>
      </cases>
    </suite>
  </suites>
  <duration>0.065</duration>
  <skipOldReports>false</skipOldReports>
  <keepLongStdio>false</keepLongStdio>
</result>